<?xml version="1.0" encoding="UTF-8"?>
<testsuite name="app.valorizze.authentication.presenter.features.recover.email.viewmodel.RecoverEmailViewModelTest" tests="5" skipped="0" failures="0" errors="0" timestamp="2026-04-26T15:22:30.071Z" hostname="MacBook-Air-de-Arley.local" time="0.569">
  <properties/>
  <testcase name="check values initial state" classname="app.valorizze.authentication.presenter.features.recover.email.viewmodel.RecoverEmailViewModelTest" time="0.458"/>
  <testcase name="successful create confirmation and emits navigation end stops loading" classname="app.valorizze.authentication.presenter.features.recover.email.viewmodel.RecoverEmailViewModelTest" time="0.104"/>
  <testcase name="changing email updates state email" classname="app.valorizze.authentication.presenter.features.recover.email.viewmodel.RecoverEmailViewModelTest" time="0.0"/>
  <testcase name="error create confirmation sets feedback and stops loading" classname="app.valorizze.authentication.presenter.features.recover.email.viewmodel.RecoverEmailViewModelTest" time="0.004"/>
  <testcase name="clicking crate with empty email sets inputError EMAIL" classname="app.valorizze.authentication.presenter.features.recover.email.viewmodel.RecoverEmailViewModelTest" time="0.001"/>
  <system-out><![CDATA[]]></system-out>
  <system-err><![CDATA[SLF4J(W): No SLF4J providers were found.
SLF4J(W): Defaulting to no-operation (NOP) logger implementation
SLF4J(W): See https://www.slf4j.org/codes.html#noProviders for further details.
WARNING: A Java agent has been loaded dynamically (/Users/arley/.gradle/caches/modules-2/files-2.1/net.bytebuddy/byte-buddy-agent/1.18.2/62f38a6faf7f069d661b79a07d566f504b0b20c4/byte-buddy-agent-1.18.2.jar)
WARNING: If a serviceability tool is in use, please run with -XX:+EnableDynamicAgentLoading to hide this warning
WARNING: If a serviceability tool is not in use, please run with -Djdk.instrument.traceUsage for more information
WARNING: Dynamic loading of agents will be disallowed by default in a future release
]]></system-err>
</testsuite>
