<?xml version="1.0" encoding="UTF-8"?>
<testsuite name="app.valorizze.authentication.presenter.features.recover.code.viewmodel.RecoverCodeViewModelTest" tests="5" skipped="0" failures="0" errors="0" timestamp="2026-04-26T15:54:28.995Z" hostname="MacBook-Air-de-Arley.local" time="3.622">
  <properties/>
  <testcase name="successful validate and stops loading and emits navigation" classname="app.valorizze.authentication.presenter.features.recover.code.viewmodel.RecoverCodeViewModelTest" time="3.451"/>
  <testcase name="changing code updates state code" classname="app.valorizze.authentication.presenter.features.recover.code.viewmodel.RecoverCodeViewModelTest" time="0.01"/>
  <testcase name="check values initial state" classname="app.valorizze.authentication.presenter.features.recover.code.viewmodel.RecoverCodeViewModelTest" time="0.008"/>
  <testcase name="error validate sets feedback and stops loading" classname="app.valorizze.authentication.presenter.features.recover.code.viewmodel.RecoverCodeViewModelTest" time="0.012"/>
  <testcase name="clicking validate with empty code sets inputError CODE" classname="app.valorizze.authentication.presenter.features.recover.code.viewmodel.RecoverCodeViewModelTest" time="0.009"/>
  <system-out><![CDATA[]]></system-out>
  <system-err><![CDATA[SLF4J(W): No SLF4J providers were found.
SLF4J(W): Defaulting to no-operation (NOP) logger implementation
SLF4J(W): See https://www.slf4j.org/codes.html#noProviders for further details.
WARNING: A Java agent has been loaded dynamically (/Users/arley/.gradle/caches/modules-2/files-2.1/net.bytebuddy/byte-buddy-agent/1.18.2/62f38a6faf7f069d661b79a07d566f504b0b20c4/byte-buddy-agent-1.18.2.jar)
WARNING: If a serviceability tool is in use, please run with -XX:+EnableDynamicAgentLoading to hide this warning
WARNING: If a serviceability tool is not in use, please run with -Djdk.instrument.traceUsage for more information
WARNING: Dynamic loading of agents will be disallowed by default in a future release
]]></system-err>
</testsuite>
